=== CONFIG ===
{'embeddings': 'NMF300', 'corpus': 'PDTB', 'batch_size': 64, 'beta1': 0.99, 'beta2': 0.999, 'gamma': 0.9, 'lr': 0.08125410970282934, 'patience': 5, 'scheduler': 'plateau', 'weight_decay': 0.0, 'xavier': True, 'epochs': 200}
=== ====== ===
Evaluation:
- test set evaluation:
{'test_acc': 0.3327189087867737, 'test_loss': 1.7962102890014648}
- report (test):
                 precision    recall  f1-score   support

    Alternative     0.0000    0.0000    0.0000         9
       Contrast     0.0000    0.0000    0.0000       132
    Restatement     0.3824    0.1209    0.1837       215
          Cause     0.3841    0.6655    0.4871       284
    Conjunction     0.2665    0.6456    0.3773       206
   Asynchronous     0.0000    0.0000    0.0000        64
           List     0.0000    0.0000    0.0000        12
  Instantiation     0.5000    0.1083    0.1781       120
      Synchrony     0.0000    0.0000    0.0000        18
     Concession     0.0000    0.0000    0.0000        18
Pragmatic cause     0.0000    0.0000    0.0000         7

       accuracy                         0.3327      1085
      macro avg     0.1394    0.1400    0.1115      1085
   weighted avg     0.2822    0.3327    0.2552      1085

- random classifier (baseline):
                 precision    recall  f1-score   support

    Alternative     0.0000    0.0000    0.0000         9
       Contrast     0.1453    0.1288    0.1365       132
    Restatement     0.1659    0.1581    0.1619       215
          Cause     0.2880    0.3134    0.3002       284
    Conjunction     0.2379    0.2379    0.2379       206
   Asynchronous     0.0606    0.0625    0.0615        64
           List     0.0588    0.0833    0.0690        12
  Instantiation     0.1495    0.1333    0.1410       120
      Synchrony     0.0000    0.0000    0.0000        18
     Concession     0.0000    0.0000    0.0000        18
Pragmatic cause     0.0000    0.0000    0.0000         7

       accuracy                         0.1935      1085
      macro avg     0.1005    0.1016    0.1007      1085
   weighted avg     0.1919    0.1935    0.1924      1085

Diagnostics for labels:
- Alternative [precision = 0.0] :
  ++ positive predictors ++
-- 92 {363.31} [first_vec : sentence1]: really, you, maybe, wouldn, shouldn, think, myself, we, something, fucking
-- 37 {362.91} [first_vec : sentence1]: justifies, transcends, immaterial, insofar, perceives, embodiment, pertains, unchanging, transcending, presupposes
-- 92 {280.57} [second_vec : sentence2]: really, you, maybe, wouldn, shouldn, think, myself, we, something, fucking
-- 165 {272.55} [second_vec : sentence2]: locating, reviving, manipulating, resolving, restoring, exploiting, modifying, adapting, extracting, repairing
-- 204 {267.79} [abs_diff]: arrogant, cheerful, demeanor, handsome, witty, cynical, courageous, stubborn, hearted, intelligent
-- 10 {262.01} [abs_diff]: remix, ep, mix, aka, dreams, titled, love, paradise, sweet, dream
-- 205 {261.28} [second_vec : sentence2]: god, thee, thy, thou, allah, unto, everyone, him, jesus, shall
-- 204 {260.35} [second_vec : sentence2]: arrogant, cheerful, demeanor, handsome, witty, cynical, courageous, stubborn, hearted, intelligent
-- 144 {253.38} [second_vec : sentence2]: corpse, bag, corpses, suitcase, accidentally, clothes, bags, bottle, debris, garbage
-- 204 {252.22} [first_vec : sentence1]: arrogant, cheerful, demeanor, handsome, witty, cynical, courageous, stubborn, hearted, intelligent
  -- negative predictors --
-- 113 {-409.92} [first_vec : sentence1]: citigroup, hsbc, vodafone, citibank, ubs, telecom, plc, subsidiaries, barclays, corp
-- 228 {-417.05} [first_vec : sentence1]: leaved, eucalyptus, trees, planted, juniper, tree, rhododendron, spp, dogwood, alder
-- 246 {-423.10} [first_vec : sentence1]: cena, smackdown, pinned, wwe, flair, undertaker, miz, orton, wwf, wrestlemania
-- 186 {-427.37} [first_vec : sentence1]: everton, millwall, middlesbrough, tranmere, burnley, fulham, brentford, watford, barnsley, blackpool
-- 47 {-440.56} [first_vec : sentence1]: potatoes, roasted, beans, vegetables, onions, garlic, tomato, cooked, pork, cassava
-- 225 {-441.93} [first_vec : sentence1]: butte, canyon, ranch, creek, valley, maricopa, wilderness, tulare, shasta, mendocino
-- 293 {-450.73} [first_vec : sentence1]: smokehouse, blacksmith, smithy, granary, crib, barn, owner, outbuildings, cottage, stables
-- 268 {-502.25} [second_vec : sentence2]: armistead, erastus, ltc, cpt, schuyler, elisha, maj, silas, breckinridge, ebenezer
-- 240 {-541.30} [first_vec : sentence1]: mcenroe, berdych, federer, wawrinka, lleyton, monfils, štěpánek, radek, roddick, lendl
-- 187 {-660.22} [first_vec : sentence1]: billion, million, trillion, usd, euros, pesos, dollars, billions, amounting, rubles
- Contrast [precision = 0.0] :
  ++ positive predictors ++
-- 187 {581.05} [first_vec : sentence1]: billion, million, trillion, usd, euros, pesos, dollars, billions, amounting, rubles
-- 261 {430.08} [first_vec : sentence1]: aspx, php, www, cfm, http, org, https, asp, edu, htm
-- 45 {411.74} [first_vec : sentence1]: payment, payments, fees, loans, fee, mortgage, pay, compensation, pension, tax
-- 181 {378.04} [first_vec : sentence1]: stanzas, chapters, paragraphs, folios, bedrooms, volumes, centimetres, prefectures, compartments, parishes
-- 146 {361.52} [first_vec : sentence1]: forsa, infratest, ipsos, tns, factum, yougov, newspoll, ifop, metron, ldr
-- 67 {349.26} [first_vec : sentence1]: quarterback, qb, bengals, redskins, seahawks, linebacker, steelers, cornerback, punter, colts
-- 84 {334.42} [first_vec : sentence1]: joão, ribeiro, gonçalves, antônio, carvalho, júnior, são, antónio, mário, soares
-- 65 {327.31} [first_vec : sentence1]: decatur, clarksville, pulaski, centerville, dekalb, monticello, jonesboro, macon, hillsboro, texarkana
-- 36 {315.12} [first_vec : sentence1]: temperature, maximum, velocity, measured, amplitude, ratio, minimum, thickness, frequency, relative
-- 16 {314.88} [first_vec : sentence1]: ahmad, mohammad, muhammad, ali, syed, shaikh, ahmed, hasan, abdul, haji
  -- negative predictors --
-- 212 {-401.04} [abs_diff]: embassies, navies, legation, expatriates, expansionism, attaché, benelux, invades, emigrants, emigrating
-- 124 {-401.54} [second_vec : sentence2]: igor, roberto, andreas, ivan, nicolas, marco, andré, marcel, alessandro, stefan
-- 223 {-408.97} [second_vec : sentence2]: watercolor, watercolour, watercolors, rembrandt, painting, matisse, picasso, watercolours, paintings, etchings
-- 61 {-410.52} [second_vec : sentence2]: hermann, heinrich, helmut, wolfgang, werner, von, gerhard, klaus, ernst, georg
-- 210 {-425.19} [second_vec : sentence2]: cornelis, pieter, hendrik, willem, jacobus, adriaan, gerrit, frans, petrus, johannes
-- 149 {-431.50} [first_vec : sentence1]: riffs, melodic, rhythms, synth, electronica, chords, synths, upbeat, melodies, catchy
-- 70 {-465.12} [first_vec : sentence1]: unpleasant, incompetent, unpredictable, outdated, erratic, insecure, unattractive, unrealistic, undesirable, unsatisfactory
-- 191 {-466.57} [second_vec : sentence2]: machining, welding, milling, metalworking, plumbing, woodworking, tooling, refrigeration, polishing, lathes
-- 266 {-482.97} [second_vec : sentence2]: rabbi, avraham, eliezer, meir, chaim, moshe, yaakov, rav, mordechai, yosef
-- 212 {-534.41} [second_vec : sentence2]: embassies, navies, legation, expatriates, expansionism, attaché, benelux, invades, emigrants, emigrating
- Restatement [precision = 0.38235294117647056] :
  ++ positive predictors ++
-- 148 {337.06} [first_vec : sentence1]: goofy, cartoon, bunny, daffy, porky, freleng, popeye, cartoons, duck, flintstones
-- 185 {284.85} [second_vec : sentence2]: prostitution, pornography, discrimination, sexual, homosexual, illegal, illicit, sex, homosexuals, violence
-- 219 {281.12} [second_vec : sentence2]: projectiles, projectile, grenades, grenade, musket, knives, explosive, bullets, bombs, ammunition
-- 148 {276.89} [abs_diff]: goofy, cartoon, bunny, daffy, porky, freleng, popeye, cartoons, duck, flintstones
-- 194 {269.47} [second_vec : sentence2]: extremely, less, economically, more, reliable, reasonably, quite, intellectually, sufficiently, highly
-- 187 {262.37} [second_vec : sentence2]: billion, million, trillion, usd, euros, pesos, dollars, billions, amounting, rubles
-- 92 {255.24} [abs_diff]: really, you, maybe, wouldn, shouldn, think, myself, we, something, fucking
-- 70 {250.41} [first_vec : sentence1]: unpleasant, incompetent, unpredictable, outdated, erratic, insecure, unattractive, unrealistic, undesirable, unsatisfactory
-- 59 {247.46} [first_vec : sentence1]: anarchism, marxism, liberalism, socialism, zionism, ideology, conservatism, humanism, capitalism, nationalism
-- 179 {240.07} [second_vec : sentence2]: amor, que, más, una, mujer, todo, vida, tú, corazón, qué
  -- negative predictors --
-- 242 {-314.69} [first_vec : sentence1]: kone, på, chaung, gyi, så, och, för, är, inte, som
-- 114 {-315.66} [abs_diff]: sedan, hatchback, coupé, roadster, convertible, coupe, chrysler, nissan, facelift, volkswagen
-- 141 {-316.39} [first_vec : sentence1]: able, unable, attempting, inability, trying, intends, attempt, ability, attempted, tried
-- 74 {-323.97} [first_vec : sentence1]: dispose, remove, defend, cooperate, prosecute, revive, expel, restore, destroy, commit
-- 261 {-341.75} [first_vec : sentence1]: aspx, php, www, cfm, http, org, https, asp, edu, htm
-- 173 {-402.09} [first_vec : sentence1]: locomotives, locomotive, wagons, trucks, carriages, cars, vehicles, trailers, truck, carriage
-- 51 {-411.15} [first_vec : sentence1]: waste, water, gases, gas, liquid, fuel, oxygen, seawater, wastes, sewage
-- 181 {-464.39} [first_vec : sentence1]: stanzas, chapters, paragraphs, folios, bedrooms, volumes, centimetres, prefectures, compartments, parishes
-- 24 {-466.14} [first_vec : sentence1]: dz, sl, rg, cl, ch, bb, bl, bh, sn, tr
-- 187 {-624.71} [first_vec : sentence1]: billion, million, trillion, usd, euros, pesos, dollars, billions, amounting, rubles
- Cause [precision = 0.38414634146341464] :
  ++ positive predictors ++
-- 165 {637.67} [abs_diff]: locating, reviving, manipulating, resolving, restoring, exploiting, modifying, adapting, extracting, repairing
-- 70 {577.23} [second_vec : sentence2]: unpleasant, incompetent, unpredictable, outdated, erratic, insecure, unattractive, unrealistic, undesirable, unsatisfactory
-- 50 {560.22} [second_vec : sentence2]: anger, resentment, unrest, strife, frustration, discontent, hostility, hardships, confusion, violence
-- 70 {552.98} [abs_diff]: unpleasant, incompetent, unpredictable, outdated, erratic, insecure, unattractive, unrealistic, undesirable, unsatisfactory
-- 39 {535.74} [second_vec : sentence2]: airflow, evaporation, deformation, amplification, lubrication, buoyancy, redundancy, duplication, condensation, digestion
-- 50 {516.71} [abs_diff]: anger, resentment, unrest, strife, frustration, discontent, hostility, hardships, confusion, violence
-- 103 {514.72} [second_vec : sentence2]: lil, ludacris, rapper, dogg, snoop, feat, minaj, eminem, pharrell, featuring
-- 92 {500.61} [second_vec : sentence2]: really, you, maybe, wouldn, shouldn, think, myself, we, something, fucking
-- 70 {484.23} [first_vec : sentence1]: unpleasant, incompetent, unpredictable, outdated, erratic, insecure, unattractive, unrealistic, undesirable, unsatisfactory
-- 39 {459.00} [abs_diff]: airflow, evaporation, deformation, amplification, lubrication, buoyancy, redundancy, duplication, condensation, digestion
  -- negative predictors --
-- 2 {-571.13} [second_vec : sentence2]: amanda, amy, jennifer, rachel, jessica, kate, karen, emily, rebecca, julie
-- 187 {-572.13} [first_vec : sentence1]: billion, million, trillion, usd, euros, pesos, dollars, billions, amounting, rubles
-- 16 {-580.73} [first_vec : sentence1]: ahmad, mohammad, muhammad, ali, syed, shaikh, ahmed, hasan, abdul, haji
-- 261 {-583.70} [abs_diff]: aspx, php, www, cfm, http, org, https, asp, edu, htm
-- 1 {-608.52} [second_vec : sentence2]: geoff, steve, dave, chris, jim, mike, ian, doug, gary, shaun
-- 18 {-646.66} [second_vec : sentence2]: messrs, espncricinfo, curiam, llp, cpl, adrienne, rafvr, winifred, lynda, jennie
-- 261 {-664.19} [first_vec : sentence1]: aspx, php, www, cfm, http, org, https, asp, edu, htm
-- 85 {-709.10} [second_vec : sentence2]: starring, starred, fonda, rafvr, portrays, espncricinfo, née, actor, screenplay, deborah
-- 16 {-721.10} [second_vec : sentence2]: ahmad, mohammad, muhammad, ali, syed, shaikh, ahmed, hasan, abdul, haji
-- 157 {-751.83} [second_vec : sentence2]: née, eds, jeffrey, llp, argues, steven, larry, rabbi, david, harold
- Conjunction [precision = 0.2665330661322645] :
  ++ positive predictors ++
-- 187 {813.88} [first_vec : sentence1]: billion, million, trillion, usd, euros, pesos, dollars, billions, amounting, rubles
-- 261 {661.73} [first_vec : sentence1]: aspx, php, www, cfm, http, org, https, asp, edu, htm
-- 181 {595.05} [first_vec : sentence1]: stanzas, chapters, paragraphs, folios, bedrooms, volumes, centimetres, prefectures, compartments, parishes
-- 24 {577.09} [first_vec : sentence1]: dz, sl, rg, cl, ch, bb, bl, bh, sn, tr
-- 228 {499.83} [first_vec : sentence1]: leaved, eucalyptus, trees, planted, juniper, tree, rhododendron, spp, dogwood, alder
-- 261 {493.21} [abs_diff]: aspx, php, www, cfm, http, org, https, asp, edu, htm
-- 187 {467.94} [second_vec : sentence2]: billion, million, trillion, usd, euros, pesos, dollars, billions, amounting, rubles
-- 266 {410.96} [first_vec : sentence1]: rabbi, avraham, eliezer, meir, chaim, moshe, yaakov, rav, mordechai, yosef
-- 163 {401.51} [first_vec : sentence1]: braunschweig, hbf, saarbrücken, erfurt, süd, mainz, hauptbahnhof, hannover, koblenz, rostock
-- 186 {388.76} [first_vec : sentence1]: everton, millwall, middlesbrough, tranmere, burnley, fulham, brentford, watford, barnsley, blackpool
  -- negative predictors --
-- 103 {-432.51} [second_vec : sentence2]: lil, ludacris, rapper, dogg, snoop, feat, minaj, eminem, pharrell, featuring
-- 92 {-437.64} [abs_diff]: really, you, maybe, wouldn, shouldn, think, myself, we, something, fucking
-- 204 {-448.66} [abs_diff]: arrogant, cheerful, demeanor, handsome, witty, cynical, courageous, stubborn, hearted, intelligent
-- 165 {-454.22} [abs_diff]: locating, reviving, manipulating, resolving, restoring, exploiting, modifying, adapting, extracting, repairing
-- 12 {-471.82} [abs_diff]: burnin, dreamin, rmx, blowin, movin, tonite, groovin, heartbreaker, feelin, dancin
-- 33 {-472.71} [abs_diff]: maría, enrique, jorge, julio, alejandra, gonzález, luis, guillermo, eduardo, javier
-- 54 {-495.23} [second_vec : sentence2]: yelling, staring, yelled, shoved, shouted, drags, stares, handcuffed, crawled, smashes
-- 4 {-500.44} [abs_diff]: méndez, rivas, vázquez, palacios, aguirre, valdés, figueroa, gutiérrez, núñez, álvarez
-- 92 {-531.21} [second_vec : sentence2]: really, you, maybe, wouldn, shouldn, think, myself, we, something, fucking
-- 70 {-546.61} [first_vec : sentence1]: unpleasant, incompetent, unpredictable, outdated, erratic, insecure, unattractive, unrealistic, undesirable, unsatisfactory
- Asynchronous [precision = 0.0] :
  ++ positive predictors ++
-- 111 {524.58} [first_vec : sentence1]: samuel, nathaniel, william, philanthropist, congressman, josiah, benjamin, reverend, charles, ebenezer
-- 229 {494.22} [first_vec : sentence1]: assistants, assistant, electrician, clerk, trainee, salaried, inspectors, accountant, clerks, supervisor
-- 81 {489.20} [first_vec : sentence1]: col, william, dem, jr, sheriff, congressman, courthouse, née, county, republican
-- 16 {470.72} [first_vec : sentence1]: ahmad, mohammad, muhammad, ali, syed, shaikh, ahmed, hasan, abdul, haji
-- 85 {467.54} [first_vec : sentence1]: starring, starred, fonda, rafvr, portrays, espncricinfo, née, actor, screenplay, deborah
-- 157 {461.90} [first_vec : sentence1]: née, eds, jeffrey, llp, argues, steven, larry, rabbi, david, harold
-- 11 {454.01} [first_vec : sentence1]: sir, esq, reginald, rafvr, hon, baronet, baron, baronets, william, cbe
-- 58 {443.39} [first_vec : sentence1]: sylar, bree, stewie, cartman, hiro, cordelia, marge, distraught, lynette, sookie
-- 94 {431.40} [first_vec : sentence1]: hms, frigate, gunboat, ship, schooner, sloop, cruiser, destroyer, ships, sank
-- 251 {425.97} [first_vec : sentence1]: gaius, severus, maximus, quintus, athanasius, flavius, claudius, publius, valerius, lucius
  -- negative predictors --
-- 6 {-564.42} [second_vec : sentence2]: theorem, finite, polynomial, equivalently, quadratic, generalization, satisfies, invariant, generalized, algebra
-- 41 {-576.70} [second_vec : sentence2]: formulations, usages, locales, architectures, vocabularies, typefaces, cuisines, spellings, tunings, subgenres
-- 194 {-587.90} [first_vec : sentence1]: extremely, less, economically, more, reliable, reasonably, quite, intellectually, sufficiently, highly
-- 37 {-607.96} [second_vec : sentence2]: justifies, transcends, immaterial, insofar, perceives, embodiment, pertains, unchanging, transcending, presupposes
-- 23 {-610.42} [second_vec : sentence2]: fluoride, chloride, sodium, boron, sulfate, methyl, ammonium, iodine, potassium, compounds
-- 92 {-626.31} [second_vec : sentence2]: really, you, maybe, wouldn, shouldn, think, myself, we, something, fucking
-- 70 {-688.51} [first_vec : sentence1]: unpleasant, incompetent, unpredictable, outdated, erratic, insecure, unattractive, unrealistic, undesirable, unsatisfactory
-- 70 {-732.86} [abs_diff]: unpleasant, incompetent, unpredictable, outdated, erratic, insecure, unattractive, unrealistic, undesirable, unsatisfactory
-- 194 {-760.62} [second_vec : sentence2]: extremely, less, economically, more, reliable, reasonably, quite, intellectually, sufficiently, highly
-- 70 {-816.51} [second_vec : sentence2]: unpleasant, incompetent, unpredictable, outdated, erratic, insecure, unattractive, unrealistic, undesirable, unsatisfactory
- List [precision = 0.0] :
  ++ positive predictors ++
-- 228 {396.57} [first_vec : sentence1]: leaved, eucalyptus, trees, planted, juniper, tree, rhododendron, spp, dogwood, alder
-- 228 {372.64} [abs_diff]: leaved, eucalyptus, trees, planted, juniper, tree, rhododendron, spp, dogwood, alder
-- 98 {369.15} [first_vec : sentence1]: basie, saxophonist, ellington, dizzy, verve, bandleader, herbie, sonny, buddy, benny
-- 108 {368.50} [first_vec : sentence1]: wears, wore, tunic, trousers, wearing, sleeves, beige, yellow, jacket, blue
-- 293 {362.95} [first_vec : sentence1]: smokehouse, blacksmith, smithy, granary, crib, barn, owner, outbuildings, cottage, stables
-- 248 {332.68} [first_vec : sentence1]: trailhead, campground, ptarmigan, squaw, sugarloaf, piney, overlooks, haystack, rattlesnake, overlook
-- 191 {322.40} [abs_diff]: machining, welding, milling, metalworking, plumbing, woodworking, tooling, refrigeration, polishing, lathes
-- 86 {320.01} [first_vec : sentence1]: countess, née, louisa, dorothea, niece, gertrude, aunt, henrietta, agnes, maud
-- 98 {316.82} [abs_diff]: basie, saxophonist, ellington, dizzy, verve, bandleader, herbie, sonny, buddy, benny
-- 133 {313.94} [first_vec : sentence1]: wong, fiancée, unplaced, patti, leung, cheung, debbie, councilwoman, chan, lesley
  -- negative predictors --
-- 58 {-542.67} [abs_diff]: sylar, bree, stewie, cartman, hiro, cordelia, marge, distraught, lynette, sookie
-- 153 {-553.18} [second_vec : sentence2]: denouncing, regarding, stating, statements, condemning, comments, criticised, refuted, accusing, erroneous
-- 29 {-587.50} [first_vec : sentence1]: assumptions, hypothesis, validity, errors, criteria, argument, statements, facts, conclusions, arguments
-- 165 {-591.95} [second_vec : sentence2]: locating, reviving, manipulating, resolving, restoring, exploiting, modifying, adapting, extracting, repairing
-- 117 {-603.25} [second_vec : sentence2]: inactivity, hibernation, deadlock, stalemate, slump, fortnight, deliberations, layoff, tumultuous, recuperation
-- 29 {-622.49} [abs_diff]: assumptions, hypothesis, validity, errors, criteria, argument, statements, facts, conclusions, arguments
-- 92 {-646.80} [abs_diff]: really, you, maybe, wouldn, shouldn, think, myself, we, something, fucking
-- 170 {-661.87} [second_vec : sentence2]: mtdna, phylogenetic, haplogroup, speciation, morphological, neanderthal, phylogeny, genetic, fossils, lineages
-- 135 {-701.99} [second_vec : sentence2]: subsequent, gradual, underwent, eventual, undergoing, oversaw, initiated, necessitated, lengthy, undertook
-- 29 {-752.44} [second_vec : sentence2]: assumptions, hypothesis, validity, errors, criteria, argument, statements, facts, conclusions, arguments
- Instantiation [precision = 0.5] :
  ++ positive predictors ++
-- 18 {794.27} [second_vec : sentence2]: messrs, espncricinfo, curiam, llp, cpl, adrienne, rafvr, winifred, lynda, jennie
-- 85 {765.64} [second_vec : sentence2]: starring, starred, fonda, rafvr, portrays, espncricinfo, née, actor, screenplay, deborah
-- 157 {736.69} [second_vec : sentence2]: née, eds, jeffrey, llp, argues, steven, larry, rabbi, david, harold
-- 1 {735.95} [second_vec : sentence2]: geoff, steve, dave, chris, jim, mike, ian, doug, gary, shaun
-- 41 {695.42} [first_vec : sentence1]: formulations, usages, locales, architectures, vocabularies, typefaces, cuisines, spellings, tunings, subgenres
-- 2 {665.22} [second_vec : sentence2]: amanda, amy, jennifer, rachel, jessica, kate, karen, emily, rebecca, julie
-- 81 {637.77} [second_vec : sentence2]: col, william, dem, jr, sheriff, congressman, courthouse, née, county, republican
-- 266 {630.63} [second_vec : sentence2]: rabbi, avraham, eliezer, meir, chaim, moshe, yaakov, rav, mordechai, yosef
-- 237 {629.86} [second_vec : sentence2]: ywca, aia, koreatown, athenaeum, jetblue, bancorp, chinatown, provincetown, inwood, palisades
-- 18 {620.29} [abs_diff]: messrs, espncricinfo, curiam, llp, cpl, adrienne, rafvr, winifred, lynda, jennie
  -- negative predictors --
-- 111 {-646.03} [first_vec : sentence1]: samuel, nathaniel, william, philanthropist, congressman, josiah, benjamin, reverend, charles, ebenezer
-- 122 {-660.13} [first_vec : sentence1]: midwest, coliseum, msa, university, vs, dayton, louisville, syracuse, villanova, ot
-- 261 {-661.19} [first_vec : sentence1]: aspx, php, www, cfm, http, org, https, asp, edu, htm
-- 61 {-665.18} [first_vec : sentence1]: hermann, heinrich, helmut, wolfgang, werner, von, gerhard, klaus, ernst, georg
-- 157 {-687.54} [first_vec : sentence1]: née, eds, jeffrey, llp, argues, steven, larry, rabbi, david, harold
-- 16 {-730.62} [first_vec : sentence1]: ahmad, mohammad, muhammad, ali, syed, shaikh, ahmed, hasan, abdul, haji
-- 81 {-730.96} [first_vec : sentence1]: col, william, dem, jr, sheriff, congressman, courthouse, née, county, republican
-- 24 {-747.43} [first_vec : sentence1]: dz, sl, rg, cl, ch, bb, bl, bh, sn, tr
-- 299 {-764.11} [first_vec : sentence1]: atl, phx, clt, cle, mdo, clb, roa, poc, mch, nha
-- 187 {-1119.40} [first_vec : sentence1]: billion, million, trillion, usd, euros, pesos, dollars, billions, amounting, rubles
- Synchrony [precision = 0.0] :
  ++ positive predictors ++
-- 122 {275.94} [first_vec : sentence1]: midwest, coliseum, msa, university, vs, dayton, louisville, syracuse, villanova, ot
-- 200 {268.24} [first_vec : sentence1]: eindhoven, aet, olympiacos, panathinaikos, brussels, paok, rotterdam, anderlecht, amsterdam, antwerp
-- 261 {264.68} [first_vec : sentence1]: aspx, php, www, cfm, http, org, https, asp, edu, htm
-- 183 {264.33} [first_vec : sentence1]: harvard, phd, doctorate, caltech, yale, swarthmore, nyu, brandeis, degree, professorship
-- 73 {246.29} [first_vec : sentence1]: renamed, inc, jpg, subsidiary, hotel, formerly, corporation, file, mall, ltd
-- 274 {237.81} [first_vec : sentence1]: dreamworks, lionsgate, miramax, mgm, paramount, pathé, tristar, studiocanal, warner, pictures
-- 284 {235.37} [first_vec : sentence1]: sundays, weekday, fridays, weekdays, saturdays, monday, tuesdays, mondays, thursdays, midday
-- 146 {233.52} [first_vec : sentence1]: forsa, infratest, ipsos, tns, factum, yougov, newspoll, ifop, metron, ldr
-- 237 {231.30} [first_vec : sentence1]: ywca, aia, koreatown, athenaeum, jetblue, bancorp, chinatown, provincetown, inwood, palisades
-- 187 {228.64} [second_vec : sentence2]: billion, million, trillion, usd, euros, pesos, dollars, billions, amounting, rubles
  -- negative predictors --
-- 29 {-411.64} [second_vec : sentence2]: assumptions, hypothesis, validity, errors, criteria, argument, statements, facts, conclusions, arguments
-- 194 {-425.62} [second_vec : sentence2]: extremely, less, economically, more, reliable, reasonably, quite, intellectually, sufficiently, highly
-- 232 {-431.47} [second_vec : sentence2]: monitored, evaluated, handled, processed, matched, checked, respond, communicate, identify, assessed
-- 252 {-469.07} [second_vec : sentence2]: foxtrot, quickstep, rumba, jive, waltz, samba, doble, salsa, mambo, cha
-- 6 {-470.47} [second_vec : sentence2]: theorem, finite, polynomial, equivalently, quadratic, generalization, satisfies, invariant, generalized, algebra
-- 48 {-477.00} [second_vec : sentence2]: byte, xml, bytes, default, bits, keyword, hash, delete, files, numeric
-- 70 {-492.83} [first_vec : sentence1]: unpleasant, incompetent, unpredictable, outdated, erratic, insecure, unattractive, unrealistic, undesirable, unsatisfactory
-- 92 {-508.34} [abs_diff]: really, you, maybe, wouldn, shouldn, think, myself, we, something, fucking
-- 92 {-508.71} [first_vec : sentence1]: really, you, maybe, wouldn, shouldn, think, myself, we, something, fucking
-- 92 {-704.02} [second_vec : sentence2]: really, you, maybe, wouldn, shouldn, think, myself, we, something, fucking
- Concession [precision = 0.0] :
  ++ positive predictors ++
-- 202 {283.11} [abs_diff]: plaintiffs, plaintiff, court, appeals, appeal, appellate, writ, judgment, extradition, rulings
-- 198 {262.29} [first_vec : sentence1]: vote, candidate, presidential, candidates, election, endorsed, votes, gop, delegates, candidacy
-- 202 {245.39} [first_vec : sentence1]: plaintiffs, plaintiff, court, appeals, appeal, appellate, writ, judgment, extradition, rulings
-- 157 {234.92} [first_vec : sentence1]: née, eds, jeffrey, llp, argues, steven, larry, rabbi, david, harold
-- 267 {232.18} [second_vec : sentence2]: monogatari, mirai, aoi, yume, kaze, sakura, ova, anime, boku, natsu
-- 202 {224.18} [second_vec : sentence2]: plaintiffs, plaintiff, court, appeals, appeal, appellate, writ, judgment, extradition, rulings
-- 27 {223.80} [first_vec : sentence1]: nath, mishra, thakur, chandra, pandey, singh, narayan, verma, shiv, gupta
-- 198 {218.93} [abs_diff]: vote, candidate, presidential, candidates, election, endorsed, votes, gop, delegates, candidacy
-- 85 {217.42} [first_vec : sentence1]: starring, starred, fonda, rafvr, portrays, espncricinfo, née, actor, screenplay, deborah
-- 218 {216.61} [first_vec : sentence1]: celebrations, festivities, parades, processions, celebration, ceremonies, dinners, gatherings, feasts, concerts
  -- negative predictors --
-- 43 {-343.21} [second_vec : sentence2]: township, avenue, ave, county, townships, heights, turnpike, ny, cemetery, cr
-- 95 {-344.27} [second_vec : sentence2]: flavored, dessert, drinks, chocolate, drink, snacks, snack, cream, desserts, biscuits
-- 279 {-344.72} [second_vec : sentence2]: sired, filly, stakes, sire, stallion, foaled, stud, thoroughbred, bred, horse
-- 79 {-349.90} [second_vec : sentence2]: worthing, borough, dartford, croydon, guildford, eastbourne, romford, hendon, altrincham, basingstoke
-- 7 {-350.35} [second_vec : sentence2]: desktop, server, linux, microsoft, firmware, nvidia, voip, proprietary, intel, servers
-- 239 {-353.95} [second_vec : sentence2]: clothing, lingerie, clothes, apparel, footwear, underwear, dresses, accessories, jewelry, shoes
-- 187 {-362.60} [second_vec : sentence2]: billion, million, trillion, usd, euros, pesos, dollars, billions, amounting, rubles
-- 113 {-377.63} [second_vec : sentence2]: citigroup, hsbc, vodafone, citibank, ubs, telecom, plc, subsidiaries, barclays, corp
-- 293 {-389.30} [second_vec : sentence2]: smokehouse, blacksmith, smithy, granary, crib, barn, owner, outbuildings, cottage, stables
-- 101 {-465.05} [second_vec : sentence2]: wholesale, export, industries, industry, commodities, manufacturing, retail, commodity, goods, markets
- Pragmatic concession [precision = 0.0] :
  ++ positive predictors ++
-- 202 {107.99} [abs_diff]: plaintiffs, plaintiff, court, appeals, appeal, appellate, writ, judgment, extradition, rulings
-- 202 {107.35} [first_vec : sentence1]: plaintiffs, plaintiff, court, appeals, appeal, appellate, writ, judgment, extradition, rulings
-- 176 {92.10} [first_vec : sentence1]: epa, audit, guideline, guidelines, standards, certification, compliance, fda, inspection, osha
-- 176 {87.64} [abs_diff]: epa, audit, guideline, guidelines, standards, certification, compliance, fda, inspection, osha
-- 269 {84.63} [abs_diff]: pronoun, verb, noun, verbs, nouns, adjectives, suffixes, pronouns, possessive, suffix
-- 49 {84.06} [first_vec : sentence1]: laws, provisions, amendment, enforce, statute, ordinance, enacted, act, legislation, amendments
-- 269 {82.30} [first_vec : sentence1]: pronoun, verb, noun, verbs, nouns, adjectives, suffixes, pronouns, possessive, suffix
-- 49 {75.09} [abs_diff]: laws, provisions, amendment, enforce, statute, ordinance, enacted, act, legislation, amendments
-- 135 {74.47} [first_vec : sentence1]: subsequent, gradual, underwent, eventual, undergoing, oversaw, initiated, necessitated, lengthy, undertook
-- 135 {74.43} [second_vec : sentence2]: subsequent, gradual, underwent, eventual, undergoing, oversaw, initiated, necessitated, lengthy, undertook
  -- negative predictors --
-- 187 {-193.37} [first_vec : sentence1]: billion, million, trillion, usd, euros, pesos, dollars, billions, amounting, rubles
-- 92 {-201.52} [second_vec : sentence2]: really, you, maybe, wouldn, shouldn, think, myself, we, something, fucking
-- 125 {-230.35} [second_vec : sentence2]: these, are, various, multiple, several, numerous, other, different, two, many
-- 177 {-236.76} [abs_diff]: expresses, compassion, respect, loyalty, mutual, fostering, expressing, genuine, honesty, symbolizes
-- 92 {-237.02} [abs_diff]: really, you, maybe, wouldn, shouldn, think, myself, we, something, fucking
-- 135 {-238.09} [abs_diff]: subsequent, gradual, underwent, eventual, undergoing, oversaw, initiated, necessitated, lengthy, undertook
-- 74 {-252.60} [abs_diff]: dispose, remove, defend, cooperate, prosecute, revive, expel, restore, destroy, commit
-- 187 {-262.45} [second_vec : sentence2]: billion, million, trillion, usd, euros, pesos, dollars, billions, amounting, rubles
-- 187 {-278.41} [abs_diff]: billion, million, trillion, usd, euros, pesos, dollars, billions, amounting, rubles
-- 101 {-361.56} [second_vec : sentence2]: wholesale, export, industries, industry, commodities, manufacturing, retail, commodity, goods, markets
- Pragmatic cause [precision = 0.0] :
  ++ positive predictors ++
-- 92 {318.57} [abs_diff]: really, you, maybe, wouldn, shouldn, think, myself, we, something, fucking
-- 92 {264.89} [second_vec : sentence2]: really, you, maybe, wouldn, shouldn, think, myself, we, something, fucking
-- 205 {234.92} [second_vec : sentence2]: god, thee, thy, thou, allah, unto, everyone, him, jesus, shall
-- 29 {221.08} [second_vec : sentence2]: assumptions, hypothesis, validity, errors, criteria, argument, statements, facts, conclusions, arguments
-- 58 {203.01} [second_vec : sentence2]: sylar, bree, stewie, cartman, hiro, cordelia, marge, distraught, lynette, sookie
-- 211 {200.99} [second_vec : sentence2]: toponym, erroneously, upanishad, neologism, placename, purana, ethnonym, rigveda, etymologically, nomen
-- 92 {192.20} [first_vec : sentence1]: really, you, maybe, wouldn, shouldn, think, myself, we, something, fucking
-- 252 {190.98} [abs_diff]: foxtrot, quickstep, rumba, jive, waltz, samba, doble, salsa, mambo, cha
-- 37 {190.57} [abs_diff]: justifies, transcends, immaterial, insofar, perceives, embodiment, pertains, unchanging, transcending, presupposes
-- 147 {187.15} [abs_diff]: be, being, were, was, been, completely, quickly, partially, subsequently, by
  -- negative predictors --
-- 200 {-350.92} [first_vec : sentence1]: eindhoven, aet, olympiacos, panathinaikos, brussels, paok, rotterdam, anderlecht, amsterdam, antwerp
-- 64 {-357.13} [first_vec : sentence1]: unión, nacional, universidad, deportivo, independiente, córdoba, ciudad, atlético, estadio, del
-- 86 {-359.85} [first_vec : sentence1]: countess, née, louisa, dorothea, niece, gertrude, aunt, henrietta, agnes, maud
-- 2 {-362.72} [abs_diff]: amanda, amy, jennifer, rachel, jessica, kate, karen, emily, rebecca, julie
-- 96 {-372.36} [second_vec : sentence2]: laps, rosberg, coulthard, andretti, lap, brabham, ferrari, prost, fittipaldi, sauber
-- 201 {-389.76} [first_vec : sentence1]: cd, compilations, vinyl, cassette, compilation, lp, label, reissue, remastered, records
-- 191 {-399.75} [first_vec : sentence1]: machining, welding, milling, metalworking, plumbing, woodworking, tooling, refrigeration, polishing, lathes
-- 80 {-462.97} [first_vec : sentence1]: aircraft, airliner, cessna, lockheed, boeing, fokker, sikorsky, biplane, beechcraft, turboprop
-- 96 {-470.03} [abs_diff]: laps, rosberg, coulthard, andretti, lap, brabham, ferrari, prost, fittipaldi, sauber
-- 173 {-604.28} [first_vec : sentence1]: locomotives, locomotive, wagons, trucks, carriages, cars, vehicles, trailers, truck, carriage
- Exception [precision = 0.0] :
  ++ positive predictors ++
-- 57 {111.31} [abs_diff]: neuronal, neurons, secretion, dopamine, estrogen, cells, apoptosis, inhibits, epithelial, receptors
-- 70 {107.43} [first_vec : sentence1]: unpleasant, incompetent, unpredictable, outdated, erratic, insecure, unattractive, unrealistic, undesirable, unsatisfactory
-- 6 {101.95} [second_vec : sentence2]: theorem, finite, polynomial, equivalently, quadratic, generalization, satisfies, invariant, generalized, algebra
-- 6 {99.19} [abs_diff]: theorem, finite, polynomial, equivalently, quadratic, generalization, satisfies, invariant, generalized, algebra
-- 214 {98.28} [second_vec : sentence2]: inflorescences, stems, inflorescence, hairy, erect, fleshy, foliage, bracts, buds, flowers
-- 214 {96.79} [abs_diff]: inflorescences, stems, inflorescence, hairy, erect, fleshy, foliage, bracts, buds, flowers
-- 186 {96.65} [second_vec : sentence2]: everton, millwall, middlesbrough, tranmere, burnley, fulham, brentford, watford, barnsley, blackpool
-- 67 {93.82} [second_vec : sentence2]: quarterback, qb, bengals, redskins, seahawks, linebacker, steelers, cornerback, punter, colts
-- 70 {87.82} [abs_diff]: unpleasant, incompetent, unpredictable, outdated, erratic, insecure, unattractive, unrealistic, undesirable, unsatisfactory
-- 67 {87.73} [abs_diff]: quarterback, qb, bengals, redskins, seahawks, linebacker, steelers, cornerback, punter, colts
  -- negative predictors --
-- 10 {-244.63} [first_vec : sentence1]: remix, ep, mix, aka, dreams, titled, love, paradise, sweet, dream
-- 187 {-245.45} [abs_diff]: billion, million, trillion, usd, euros, pesos, dollars, billions, amounting, rubles
-- 109 {-250.24} [first_vec : sentence1]: rooms, restrooms, dining, accommodation, bathrooms, toilets, restaurants, shops, cafeteria, facilities
-- 73 {-257.87} [first_vec : sentence1]: renamed, inc, jpg, subsidiary, hotel, formerly, corporation, file, mall, ltd
-- 113 {-285.75} [first_vec : sentence1]: citigroup, hsbc, vodafone, citibank, ubs, telecom, plc, subsidiaries, barclays, corp
-- 187 {-298.39} [first_vec : sentence1]: billion, million, trillion, usd, euros, pesos, dollars, billions, amounting, rubles
-- 144 {-326.13} [first_vec : sentence1]: corpse, bag, corpses, suitcase, accidentally, clothes, bags, bottle, debris, garbage
-- 9 {-371.68} [first_vec : sentence1]: vocals, starring, drums, musician, portrayed, matt, chris, dave, dan, producer
-- 101 {-442.54} [first_vec : sentence1]: wholesale, export, industries, industry, commodities, manufacturing, retail, commodity, goods, markets
-- 141 {-733.95} [abs_diff]: able, unable, attempting, inability, trying, intends, attempt, ability, attempted, tried
- Pragmatic condition [precision = 0.0] :
  ++ positive predictors ++
-- 260 {100.54} [second_vec : sentence2]: burlesque, cabaret, troupe, vaudeville, operetta, musicals, ballets, pantomime, ballet, broadway
-- 2 {97.12} [second_vec : sentence2]: amanda, amy, jennifer, rachel, jessica, kate, karen, emily, rebecca, julie
-- 2 {93.45} [abs_diff]: amanda, amy, jennifer, rachel, jessica, kate, karen, emily, rebecca, julie
-- 260 {91.61} [abs_diff]: burlesque, cabaret, troupe, vaudeville, operetta, musicals, ballets, pantomime, ballet, broadway
-- 11 {84.93} [second_vec : sentence2]: sir, esq, reginald, rafvr, hon, baronet, baron, baronets, william, cbe
-- 1 {81.04} [second_vec : sentence2]: geoff, steve, dave, chris, jim, mike, ian, doug, gary, shaun
-- 86 {80.39} [second_vec : sentence2]: countess, née, louisa, dorothea, niece, gertrude, aunt, henrietta, agnes, maud
-- 111 {80.37} [second_vec : sentence2]: samuel, nathaniel, william, philanthropist, congressman, josiah, benjamin, reverend, charles, ebenezer
-- 11 {79.38} [abs_diff]: sir, esq, reginald, rafvr, hon, baronet, baron, baronets, william, cbe
-- 85 {78.96} [second_vec : sentence2]: starring, starred, fonda, rafvr, portrays, espncricinfo, née, actor, screenplay, deborah
  -- negative predictors --
-- 45 {-247.95} [first_vec : sentence1]: payment, payments, fees, loans, fee, mortgage, pay, compensation, pension, tax
-- 182 {-251.64} [first_vec : sentence1]: throne, ruler, king, monarch, hereditary, regent, emperor, rulers, deposed, duchy
-- 49 {-252.67} [first_vec : sentence1]: laws, provisions, amendment, enforce, statute, ordinance, enacted, act, legislation, amendments
-- 29 {-255.90} [abs_diff]: assumptions, hypothesis, validity, errors, criteria, argument, statements, facts, conclusions, arguments
-- 125 {-266.82} [first_vec : sentence1]: these, are, various, multiple, several, numerous, other, different, two, many
-- 187 {-278.51} [first_vec : sentence1]: billion, million, trillion, usd, euros, pesos, dollars, billions, amounting, rubles
-- 187 {-279.93} [abs_diff]: billion, million, trillion, usd, euros, pesos, dollars, billions, amounting, rubles
-- 35 {-346.18} [first_vec : sentence1]: initiatives, policy, policies, strategy, initiative, strategies, efforts, responsible, aimed, activities
-- 141 {-527.94} [abs_diff]: able, unable, attempting, inability, trying, intends, attempt, ability, attempted, tried
-- 147 {-633.47} [abs_diff]: be, being, were, was, been, completely, quickly, partially, subsequently, by
- Pragmatic contrast [precision = 0.0] :
  ++ positive predictors ++
-- 92 {136.06} [first_vec : sentence1]: really, you, maybe, wouldn, shouldn, think, myself, we, something, fucking
-- 92 {126.26} [abs_diff]: really, you, maybe, wouldn, shouldn, think, myself, we, something, fucking
-- 29 {120.74} [abs_diff]: assumptions, hypothesis, validity, errors, criteria, argument, statements, facts, conclusions, arguments
-- 250 {109.64} [first_vec : sentence1]: romanesque, baroque, façade, gothic, neoclassical, italianate, facade, edwardian, mansion, stately
-- 291 {109.04} [abs_diff]: warszawa, kazimierz, kraków, janusz, toruń, poznań, stanisław, tadeusz, góra, jerzy
-- 291 {105.97} [second_vec : sentence2]: warszawa, kazimierz, kraków, janusz, toruń, poznań, stanisław, tadeusz, góra, jerzy
-- 269 {103.28} [abs_diff]: pronoun, verb, noun, verbs, nouns, adjectives, suffixes, pronouns, possessive, suffix
-- 92 {101.55} [second_vec : sentence2]: really, you, maybe, wouldn, shouldn, think, myself, we, something, fucking
-- 250 {100.85} [abs_diff]: romanesque, baroque, façade, gothic, neoclassical, italianate, facade, edwardian, mansion, stately
-- 147 {99.14} [abs_diff]: be, being, were, was, been, completely, quickly, partially, subsequently, by
  -- negative predictors --
-- 50 {-256.80} [second_vec : sentence2]: anger, resentment, unrest, strife, frustration, discontent, hostility, hardships, confusion, violence
-- 183 {-276.48} [second_vec : sentence2]: harvard, phd, doctorate, caltech, yale, swarthmore, nyu, brandeis, degree, professorship
-- 195 {-277.53} [second_vec : sentence2]: documents, archival, detailed, catalogues, ethnographic, bibliographic, documentation, photographs, maps, papers
-- 122 {-286.06} [first_vec : sentence1]: midwest, coliseum, msa, university, vs, dayton, louisville, syracuse, villanova, ot
-- 173 {-291.31} [first_vec : sentence1]: locomotives, locomotive, wagons, trucks, carriages, cars, vehicles, trailers, truck, carriage
-- 45 {-300.31} [first_vec : sentence1]: payment, payments, fees, loans, fee, mortgage, pay, compensation, pension, tax
-- 113 {-314.60} [first_vec : sentence1]: citigroup, hsbc, vodafone, citibank, ubs, telecom, plc, subsidiaries, barclays, corp
-- 169 {-315.06} [abs_diff]: educator, linguist, scientist, writer, educationist, mathematician, entrepreneur, author, researcher, philologist
-- 187 {-533.68} [first_vec : sentence1]: billion, million, trillion, usd, euros, pesos, dollars, billions, amounting, rubles
-- 101 {-738.19} [first_vec : sentence1]: wholesale, export, industries, industry, commodities, manufacturing, retail, commodity, goods, markets
- Condition [precision = 0.0] :
  ++ positive predictors ++
-- 6 {134.17} [first_vec : sentence1]: theorem, finite, polynomial, equivalently, quadratic, generalization, satisfies, invariant, generalized, algebra
-- 252 {127.17} [first_vec : sentence1]: foxtrot, quickstep, rumba, jive, waltz, samba, doble, salsa, mambo, cha
-- 252 {126.44} [abs_diff]: foxtrot, quickstep, rumba, jive, waltz, samba, doble, salsa, mambo, cha
-- 103 {120.44} [abs_diff]: lil, ludacris, rapper, dogg, snoop, feat, minaj, eminem, pharrell, featuring
-- 92 {119.81} [first_vec : sentence1]: really, you, maybe, wouldn, shouldn, think, myself, we, something, fucking
-- 130 {113.16} [first_vec : sentence1]: alike, educators, journalists, scientists, politicians, professionals, filmmakers, experts, prospective, designers
-- 6 {109.77} [abs_diff]: theorem, finite, polynomial, equivalently, quadratic, generalization, satisfies, invariant, generalized, algebra
-- 182 {107.20} [abs_diff]: throne, ruler, king, monarch, hereditary, regent, emperor, rulers, deposed, duchy
-- 103 {106.60} [first_vec : sentence1]: lil, ludacris, rapper, dogg, snoop, feat, minaj, eminem, pharrell, featuring
-- 36 {103.36} [first_vec : sentence1]: temperature, maximum, velocity, measured, amplitude, ratio, minimum, thickness, frequency, relative
  -- negative predictors --
-- 159 {-289.30} [second_vec : sentence2]: tribes, cuisine, descent, peoples, dialects, nationalism, dialect, communities, traditions, ancestry
-- 121 {-296.43} [second_vec : sentence2]: terrorists, criminals, suspected, tortured, prisoners, civilians, detained, murdered, arrested, allegedly
-- 20 {-323.55} [second_vec : sentence2]: algorithms, automated, optimization, modeling, techniques, tools, simulation, methods, visualization, software
-- 73 {-334.18} [second_vec : sentence2]: renamed, inc, jpg, subsidiary, hotel, formerly, corporation, file, mall, ltd
-- 172 {-346.29} [second_vec : sentence2]: anglican, catholic, church, lutheran, diocesan, episcopal, evangelical, congregation, apostolic, churches
-- 125 {-423.33} [second_vec : sentence2]: these, are, various, multiple, several, numerous, other, different, two, many
-- 198 {-435.87} [second_vec : sentence2]: vote, candidate, presidential, candidates, election, endorsed, votes, gop, delegates, candidacy
-- 177 {-450.18} [second_vec : sentence2]: expresses, compassion, respect, loyalty, mutual, fostering, expressing, genuine, honesty, symbolizes
-- 118 {-472.66} [second_vec : sentence2]: troops, reinforcements, forces, retreated, armies, soldiers, allied, enemy, attacked, attacking
-- 182 {-533.63} [second_vec : sentence2]: throne, ruler, king, monarch, hereditary, regent, emperor, rulers, deposed, duchy
