=== CONFIG ===
{'embeddings': 'NMF300', 'corpus': 'SST', 'batch_size': 64, 'beta1': 0.99, 'beta2': 0.999, 'gamma': 0.85, 'lr': 0.09967774108520694, 'patience': 5, 'scheduler': 'plateau', 'weight_decay': 0.0, 'xavier': True, 'epochs': 200}
=== ====== ===
Evaluation:
- test set evaluation:
{'test_acc': 0.5460030436515808, 'test_loss': 0.9789277911186218}
- report (test):
              precision    recall  f1-score   support

     neutral     0.0000    0.0000    0.0000       339
    positive     0.5407    0.7482    0.6278       834
    negative     0.5533    0.5662    0.5597       816

    accuracy                         0.5460      1989
   macro avg     0.3647    0.4381    0.3958      1989
weighted avg     0.4537    0.5460    0.4928      1989

- random classifier (baseline):
              precision    recall  f1-score   support

     neutral     0.1651    0.1593    0.1622       339
    positive     0.4149    0.4209    0.4179       834
    negative     0.4020    0.4020    0.4020       816

    accuracy                         0.3685      1989
   macro avg     0.3273    0.3274    0.3273      1989
weighted avg     0.3670    0.3685    0.3678      1989

Diagnostics for labels:
- neutral [precision = 0.0] :
  ++ positive predictors ++
-- 196 {281.38} : yuliya, yelena, yekaterina, tatyana, iryna, nataliya, olena, anastasiya, natalya, oksana
-- 242 {265.15} : kone, på, chaung, gyi, så, och, för, är, inte, som
-- 24 {202.46} : dz, sl, rg, cl, ch, bb, bl, bh, sn, tr
-- 230 {197.27} : khao, thong, phu, mueang, khlong, luang, nong, yai, nang, phra
-- 179 {167.09} : amor, que, más, una, mujer, todo, vida, tú, corazón, qué
-- 270 {165.51} : praha, luleå, bk, hc, sk, södertälje, pardubice, västerås, dukla, örebro
-- 87 {154.05} : incapacitated, healed, interfered, disregarded, distanced, discredited, undermined, ignored, supplanted, rewritten
-- 84 {149.57} : joão, ribeiro, gonçalves, antônio, carvalho, júnior, são, antónio, mário, soares
-- 99 {141.13} : fürst, freiherr, ignaz, berthold, erdmann, ewald, ackermann, alois, hohenlohe, leonhard
-- 190 {131.17} : closeup, hovhannes, tif, minar, pleiades, thumbnail, kerk, wappen, centaurus, cullinan
  -- negative predictors --
-- 123 {-240.07} : originality, skill, vitality, versatility, strength, intellect, agility, prowess, stamina, honesty
-- 149 {-246.95} : riffs, melodic, rhythms, synth, electronica, chords, synths, upbeat, melodies, catchy
-- 53 {-248.11} : krishnan, karthik, venu, murali, srinivas, madhavan, menon, janaki, vijaya, raju
-- 188 {-262.93} : neurology, ophthalmology, oncology, radiology, microbiology, cardiology, pharmacology, obstetrics, immunology, dermatology
-- 101 {-263.57} : wholesale, export, industries, industry, commodities, manufacturing, retail, commodity, goods, markets
-- 260 {-267.31} : burlesque, cabaret, troupe, vaudeville, operetta, musicals, ballets, pantomime, ballet, broadway
-- 169 {-277.06} : educator, linguist, scientist, writer, educationist, mathematician, entrepreneur, author, researcher, philologist
-- 109 {-285.78} : rooms, restrooms, dining, accommodation, bathrooms, toilets, restaurants, shops, cafeteria, facilities
-- 184 {-293.95} : ornaments, decorated, carvings, figurines, sculptures, vases, pottery, decorative, carved, ceramic
-- 100 {-377.18} : imaginative, vivid, lyrical, poetic, realistic, imagery, subtle, surreal, expressive, colorful
- positive [precision = 0.5407279029462738] :
  ++ positive predictors ++
-- 100 {690.01} : imaginative, vivid, lyrical, poetic, realistic, imagery, subtle, surreal, expressive, colorful
-- 131 {576.81} : shakira, lauper, mcentire, yearwood, parton, estefan, streisand, utada, rimes, midler
-- 123 {523.63} : originality, skill, vitality, versatility, strength, intellect, agility, prowess, stamina, honesty
-- 149 {504.62} : riffs, melodic, rhythms, synth, electronica, chords, synths, upbeat, melodies, catchy
-- 184 {490.74} : ornaments, decorated, carvings, figurines, sculptures, vases, pottery, decorative, carved, ceramic
-- 223 {475.91} : watercolor, watercolour, watercolors, rembrandt, painting, matisse, picasso, watercolours, paintings, etchings
-- 106 {474.30} : eliade, petrarch, tolstoy, auden, dostoevsky, proust, machiavelli, dostoyevsky, plutarch, rabindranath
-- 28 {406.24} : cognition, linguistic, interpersonal, normative, affective, conceptual, cognitive, sociological, perspectives, metaphysical
-- 169 {392.45} : educator, linguist, scientist, writer, educationist, mathematician, entrepreneur, author, researcher, philologist
-- 22 {390.14} : microfinance, facilitation, cybersecurity, infrastructures, usaid, decentralized, sectoral, undertakes, preparedness, interagency
  -- negative predictors --
-- 5 {-255.23} : reactants, vortices, quantitatively, perforations, flanges, umlaut, flagella, electromagnet, rectum, workpiece
-- 39 {-267.71} : airflow, evaporation, deformation, amplification, lubrication, buoyancy, redundancy, duplication, condensation, digestion
-- 230 {-290.62} : khao, thong, phu, mueang, khlong, luang, nong, yai, nang, phra
-- 117 {-292.35} : inactivity, hibernation, deadlock, stalemate, slump, fortnight, deliberations, layoff, tumultuous, recuperation
-- 48 {-294.07} : byte, xml, bytes, default, bits, keyword, hash, delete, files, numeric
-- 144 {-306.18} : corpse, bag, corpses, suitcase, accidentally, clothes, bags, bottle, debris, garbage
-- 242 {-331.43} : kone, på, chaung, gyi, så, och, för, är, inte, som
-- 87 {-338.63} : incapacitated, healed, interfered, disregarded, distanced, discredited, undermined, ignored, supplanted, rewritten
-- 264 {-339.30} : vowel, vowels, consonants, consonant, voiceless, phoneme, diphthongs, phonemes, palatal, fricative
-- 24 {-344.72} : dz, sl, rg, cl, ch, bb, bl, bh, sn, tr
- negative [precision = 0.5532934131736527] :
  ++ positive predictors ++
-- 70 {367.26} : unpleasant, incompetent, unpredictable, outdated, erratic, insecure, unattractive, unrealistic, undesirable, unsatisfactory
-- 5 {331.86} : reactants, vortices, quantitatively, perforations, flanges, umlaut, flagella, electromagnet, rectum, workpiece
-- 19 {305.67} : dervishes, atlanteans, cronies, moravians, bourbons, zaibatsu, æsir, faroes, anabaptists, bulgars
-- 39 {297.78} : airflow, evaporation, deformation, amplification, lubrication, buoyancy, redundancy, duplication, condensation, digestion
-- 144 {294.06} : corpse, bag, corpses, suitcase, accidentally, clothes, bags, bottle, debris, garbage
-- 264 {268.57} : vowel, vowels, consonants, consonant, voiceless, phoneme, diphthongs, phonemes, palatal, fricative
-- 117 {260.92} : inactivity, hibernation, deadlock, stalemate, slump, fortnight, deliberations, layoff, tumultuous, recuperation
-- 96 {248.71} : laps, rosberg, coulthard, andretti, lap, brabham, ferrari, prost, fittipaldi, sauber
-- 267 {231.76} : monogatari, mirai, aoi, yume, kaze, sakura, ova, anime, boku, natsu
-- 163 {230.74} : braunschweig, hbf, saarbrücken, erfurt, süd, mainz, hauptbahnhof, hannover, koblenz, rostock
  -- negative predictors --
-- 210 {-355.00} : cornelis, pieter, hendrik, willem, jacobus, adriaan, gerrit, frans, petrus, johannes
-- 184 {-357.79} : ornaments, decorated, carvings, figurines, sculptures, vases, pottery, decorative, carved, ceramic
-- 257 {-373.51} : award, awardee, honoree, prize, recognitions, awardees, awards, aia, ekushey, riba
-- 149 {-375.43} : riffs, melodic, rhythms, synth, electronica, chords, synths, upbeat, melodies, catchy
-- 28 {-375.92} : cognition, linguistic, interpersonal, normative, affective, conceptual, cognitive, sociological, perspectives, metaphysical
-- 106 {-385.35} : eliade, petrarch, tolstoy, auden, dostoevsky, proust, machiavelli, dostoyevsky, plutarch, rabindranath
-- 123 {-439.12} : originality, skill, vitality, versatility, strength, intellect, agility, prowess, stamina, honesty
-- 223 {-449.61} : watercolor, watercolour, watercolors, rembrandt, painting, matisse, picasso, watercolours, paintings, etchings
-- 131 {-531.59} : shakira, lauper, mcentire, yearwood, parton, estefan, streisand, utada, rimes, midler
-- 100 {-635.12} : imaginative, vivid, lyrical, poetic, realistic, imagery, subtle, surreal, expressive, colorful
