=== CONFIG ===
{'embeddings': 'SPOWV', 'corpus': 'Emergent', 'batch_size': 64, 'beta1': 0.99, 'beta2': 0.999, 'gamma': 0.9, 'lr': 0.09520773786146987, 'patience': 5, 'scheduler': 'plateau', 'weight_decay': 0.0, 'xavier': True, 'epochs': 200}
=== ====== ===
Evaluation:
- test set evaluation:
{'test_acc': 0.7220077514648438, 'test_loss': 0.5998646020889282}
- report (test):
              precision    recall  f1-score   support

   observing     0.6735    0.6804    0.6769        97
         for     0.7556    0.7846    0.7698       130
     against     0.7308    0.5938    0.6552        32

    accuracy                         0.7220       259
   macro avg     0.7199    0.6863    0.7006       259
weighted avg     0.7218    0.7220    0.7209       259

- random classifier (baseline):
              precision    recall  f1-score   support

   observing     0.3646    0.3608    0.3627        97
         for     0.4923    0.4923    0.4923       130
     against     0.1515    0.1562    0.1538        32

    accuracy                         0.4015       259
   macro avg     0.3361    0.3365    0.3363       259
weighted avg     0.4024    0.4015    0.4019       259

Diagnostics for labels:
- observing [precision = 0.673469387755102] :
  ++ positive predictors ++
-- 959 {55.26} [elem_wise_prod]: steel, industries, shipbuilding, collapses, commodities, cement, sectors, exchanges, spa, machinery
-- 235 {50.28} [elem_wise_prod]: peacefully, sindh, lauderdale, chesapeake, sect, strikers, corpus, outlawed, resumed, palm
-- 345 {46.30} [abs_diff]: ions, archery, atoms, acids, trap, metre, equestrian, gram, volcanoes, usb
-- 825 {44.06} [abs_diff]: umpire, umpires, mb, cubs, electron, rats, trapping, faculty, plasma, ram
-- 188 {43.69} [abs_diff]: postseason, baseman, hitter, shortstop, hubble, catcher, bat, fraternity, inning, batter
-- 343 {39.38} [second_vec : sentence2]: dorothy, accumulate, pesos, bing, gale, momentum, medium, hydrogen, ajax, electric
-- 328 {38.91} [abs_diff]: mb, internally, homeless, inserts, rotterdam, shipbuilding, subscriber, expands, unemployed, dimensions
-- 343 {38.32} [abs_diff]: dorothy, accumulate, pesos, bing, gale, momentum, medium, hydrogen, ajax, electric
-- 900 {36.95} [abs_diff]: collar, catalonia, earns, borrow, mt., attracts, bicycle, thieves, spain, hayward
-- 871 {36.92} [second_vec : sentence2]: p, sm, lifts, packed, proposition, celsius, kmt, sen, pavilion, humidity
  -- negative predictors --
-- 288 {-45.46} [elem_wise_prod]: overwhelming, dominated, audiences, lowland, draws, neighbor, celtic, biggest, ndp, heaviest
-- 780 {-45.98} [elem_wise_prod]: indices, asphalt, coating, measuring, kits, drought, two-year, applications, medicinal, ranges
-- 195 {-46.99} [elem_wise_prod]: liberation, socialism, rwanda, secular, theologian, protestant, burnham, khmer, seminary, playboy
-- 987 {-47.19} [elem_wise_prod]: genus, restriction, fossil, phd, mba, cambridge, enzyme, reptiles, et, radcliffe
-- 748 {-48.06} [elem_wise_prod]: mohammed, shah, hasan, patel, khan, muhammad, khalid, syed, singh, amir
-- 99 {-49.35} [elem_wise_prod]: cbc, wnba, mba, santo, rai, inflation, median, hindu, invasive, short-lived
-- 350 {-52.46} [abs_diff]: primera, cadillac, sedan, eligible, exotic, footballer, lake, hurling, premiership, vowel
-- 199 {-53.30} [elem_wise_prod]: protect, conservation, biodiversity, threats, patrolling, awareness, extreme, conserve, habitat, protection
-- 307 {-56.18} [elem_wise_prod]: bankruptcy, settlement, stadium, medical, ty, brink, bulgarian, celsius, wreck, crusader
-- 622 {-58.46} [elem_wise_prod]: compass, cruelty, condemnation, neglect, cosmic, determination, enduring, necessity, courage, words
- for [precision = 0.7555555555555555] :
  ++ positive predictors ++
-- 5 {58.14} [elem_wise_prod]: gum, antarctic, limestone, shade, dwelling, soil, grape, excavated, indigenous, archaeology
-- 307 {51.73} [elem_wise_prod]: bankruptcy, settlement, stadium, medical, ty, brink, bulgarian, celsius, wreck, crusader
-- 67 {50.94} [first_vec : sentence1]: railways, cornish, 1858, 1856, survives, 1850s, electorate, 1860s, nsw, 1880s
-- 987 {50.84} [elem_wise_prod]: genus, restriction, fossil, phd, mba, cambridge, enzyme, reptiles, et, radcliffe
-- 748 {46.51} [elem_wise_prod]: mohammed, shah, hasan, patel, khan, muhammad, khalid, syed, singh, amir
-- 206 {43.07} [abs_diff]: orchestras, tuition, handbook, verdi, bug, conductor, royalties, burnt, paperback, burning
-- 948 {42.79} [second_vec : sentence2]: mazda, holden, royce, lindsey, discography, dodge, confidential, gallon, ill., mustang
-- 350 {42.66} [abs_diff]: primera, cadillac, sedan, eligible, exotic, footballer, lake, hurling, premiership, vowel
-- 44 {40.88} [elem_wise_prod]: quarterly, webber, subtitles, diplomatic, israelis, commentaries, emancipation, scripture, publication, quantitative
-- 862 {40.85} [elem_wise_prod]: jp, injection, basel, protocol, deadline, jeremy, jacob, matt, ip, nigel
  -- negative predictors --
-- 213 {-40.67} [second_vec : sentence2]: vowel, raw, inputs, plant, patriotism, virtues, civic, realism, vowels, subjective
-- 214 {-41.49} [elem_wise_prod]: adverse, rapid, zimbabwe, experiences, learnt, symptoms, aerial, bubbles, bubble, tangible
-- 973 {-42.62} [second_vec : sentence2]: displaced, liberia, tanks, polling, refugee, looted, nec, intel, armored, manufacturing
-- 79 {-45.58} [elem_wise_prod]: vi, iii, pi, consort, queen, augusta, otto, nova, ii, alpha
-- 749 {-46.16} [elem_wise_prod]: electrons, iphone, chromosome, ty, electromagnetic, defect, disks, punch, ipod, mlb
-- 324 {-46.37} [elem_wise_prod]: recession, rubble, surveyed, lighthouse, tallest, segregation, geological, roosevelt, post-war, tours
-- 136 {-46.98} [second_vec : sentence2]: portal, mock, youtube, ngos, myspace, websites, bunkers, pornographic, overdose, pornography
-- 714 {-47.01} [second_vec : sentence2]: horizontal, gauge, cycle, contraction, subscription, lateral, vowels, freeze, markings, discontinued
-- 959 {-47.72} [elem_wise_prod]: steel, industries, shipbuilding, collapses, commodities, cement, sectors, exchanges, spa, machinery
-- 253 {-58.55} [second_vec : sentence2]: mesa, cox, finger, elbow, wes, feeder, persistent, ligament, albion, bombings
- against [precision = 0.7307692307692307] :
  ++ positive predictors ++
-- 189 {59.54} [second_vec : sentence2]: pietro, exploit, advertising, expose, bishops, bosses, parish, francesco, killers, exploiting
-- 611 {53.69} [abs_diff]: zen, infiltration, clauses, triangular, sprung, th, amphibious, rotating, rigging, jo
-- 990 {51.34} [second_vec : sentence2]: nov, lifts, feb, das, appoints, wed, allmusic, apex, sm, rabbis
-- 548 {45.76} [elem_wise_prod]: quiz, col, columnist, cnn, hezbollah, straw, hay, pak, abu, headline
-- 386 {43.89} [second_vec : sentence2]: grange, lamar, blazers, hines, sur, fran, espn, jamal, greene, sheridan
-- 256 {42.90} [elem_wise_prod]: der, unmarked, wingspan, nazi, sv, alloy, liga, burnett, lid, distortion
-- 714 {42.42} [second_vec : sentence2]: horizontal, gauge, cycle, contraction, subscription, lateral, vowels, freeze, markings, discontinued
-- 288 {42.07} [second_vec : sentence2]: overwhelming, dominated, audiences, lowland, draws, neighbor, celtic, biggest, ndp, heaviest
-- 942 {41.12} [elem_wise_prod]: manned, poles, had, mayor, survived, rooted, siege, poverty, were, soyuz
-- 288 {40.84} [abs_diff]: overwhelming, dominated, audiences, lowland, draws, neighbor, celtic, biggest, ndp, heaviest
  -- negative predictors --
-- 182 {-44.97} [elem_wise_prod]: intercepted, devised, offensive, catalonia, architect, narrowly, intercept, header, composite, warhead
-- 494 {-44.99} [elem_wise_prod]: kickoff, roth, patriots, warfare, turf, atlantis, soyuz, planting, moist, crop
-- 970 {-46.50} [second_vec : sentence2]: baseline, reptiles, unmanned, predator, caste, teeth, pots, roadside, markets, implants
-- 67 {-46.83} [first_vec : sentence1]: railways, cornish, 1858, 1856, survives, 1850s, electorate, 1860s, nsw, 1880s
-- 912 {-47.68} [elem_wise_prod]: nadia, serena, elena, ppp, mirza, frazier, seed, samantha, bhutto, anna
-- 251 {-47.86} [elem_wise_prod]: doping, moe, federation, norwegian, uci, nascar, professional, knife, corrupt, ethics
-- 948 {-48.61} [second_vec : sentence2]: mazda, holden, royce, lindsey, discography, dodge, confidential, gallon, ill., mustang
-- 176 {-54.06} [elem_wise_prod]: isle, yorkshire, all-ireland, surrey, burlington, aston, lancaster, norfolk, sussex, boundary
-- 252 {-55.30} [elem_wise_prod]: liga, royce, bohemian, michigan, mir, fixtures, 2014, d, seeds, martian
-- 345 {-66.01} [abs_diff]: ions, archery, atoms, acids, trap, metre, equestrian, gram, volcanoes, usb
