=== CONFIG ===
{'embeddings': 'SPOWV', 'corpus': 'URFUNNY', 'batch_size': 64, 'beta1': 0.99, 'beta2': 0.999, 'gamma': 0.6, 'lr': 0.01805291670592278, 'patience': 5, 'scheduler': 'plateau', 'weight_decay': 0.0, 'xavier': True, 'epochs': 200}
=== ====== ===
Evaluation:
- test set evaluation:
{'test_acc': 0.6502835750579834, 'test_loss': 0.6379107236862183}
- report (test):
              precision    recall  f1-score   support

       funny     0.6413    0.6609    0.6509       522
   not_funny     0.6596    0.6399    0.6496       536

    accuracy                         0.6503      1058
   macro avg     0.6504    0.6504    0.6503      1058
weighted avg     0.6506    0.6503    0.6503      1058

- random classifier (baseline):
              precision    recall  f1-score   support

       funny     0.4626    0.4387    0.4503       522
   not_funny     0.4796    0.5037    0.4914       536

    accuracy                         0.4716      1058
   macro avg     0.4711    0.4712    0.4708      1058
weighted avg     0.4712    0.4716    0.4711      1058

Diagnostics for labels:
- funny [precision = 0.6412639405204461] :
  ++ positive predictors ++
-- 215 {23.35} [second_vec : punchline]: sant, da, dino, butterfly, herzog, giovanni, cisco, werner, bee, tom
-- 661 {20.59} [second_vec : punchline]: redesignated, karate, garlic, salad, olive, rahul, snail, onions, 100th, appliance
-- 367 {20.43} [second_vec : punchline]: tables, wed, machine, 10:00, cocktail, palms, meadow, meadows, rat, bonnie
-- 564 {20.30} [elem_wise_prod]: nielsen, dawson, snails, browning, harris, wb, presidential, buster, sylvester, browne
-- 221 {20.11} [second_vec : punchline]: jihad, abu, guantanamo, beheaded, executions, collaborator, interred, death, custody, dies
-- 564 {17.01} [second_vec : punchline]: nielsen, dawson, snails, browning, harris, wb, presidential, buster, sylvester, browne
-- 647 {16.66} [elem_wise_prod]: magnetic, junction, fitted, lamps, cyclone, cyclists, bathing, avenue, baths, interchange
-- 900 {16.66} [elem_wise_prod]: collar, catalonia, earns, borrow, mt., attracts, bicycle, thieves, spain, hayward
-- 811 {16.47} [second_vec : punchline]: suppression, madras, accession, imprint, cory, sgt., arroyo, amber, offences, rising
-- 367 {16.27} [elem_wise_prod]: tables, wed, machine, 10:00, cocktail, palms, meadow, meadows, rat, bonnie
  -- negative predictors --
-- 696 {-21.08} [elem_wise_prod]: tasks, policing, fk, logistical, reconstruction, overseeing, systems, ensuring, involve, shield
-- 963 {-21.42} [second_vec : punchline]: pipe, systemic, coma, composite, heating, sustainability, vapor, modeling, gorge, optical
-- 224 {-23.24} [elem_wise_prod]: vector, plastics, unconventional, conventional, computational, dynamics, safer, variable, deluxe, layout
-- 2 {-24.22} [elem_wise_prod]: x-ray, discrimination, electromagnetic, thermal, frequency, suppression, angular, telescope, electron, space
-- 366 {-24.89} [elem_wise_prod]: enzyme, regulating, proteins, regulate, emissions, logging, fisheries, industry, regulates, enzymes
-- 853 {-24.90} [elem_wise_prod]: gathers, facility, inhabit, entity, que, center, resides, reside, greenwood, generating
-- 758 {-26.11} [elem_wise_prod]: cyclone, katrina, hurricane, disaster, ike, flooded, shear, dolly, marshes, storms
-- 363 {-26.87} [elem_wise_prod]: organisms, inventor, lab, physiology, bacteria, induction, organism, invention, mit, laboratory
-- 530 {-29.50} [elem_wise_prod]: hormones, tertiary, embryonic, genetically, phelps, gases, experimentation, enzymes, artificial, neural
-- 963 {-36.69} [elem_wise_prod]: pipe, systemic, coma, composite, heating, sustainability, vapor, modeling, gorge, optical
- not_funny [precision = 0.6596153846153846] :
  ++ positive predictors ++
-- 963 {36.71} [elem_wise_prod]: pipe, systemic, coma, composite, heating, sustainability, vapor, modeling, gorge, optical
-- 530 {29.54} [elem_wise_prod]: hormones, tertiary, embryonic, genetically, phelps, gases, experimentation, enzymes, artificial, neural
-- 363 {26.83} [elem_wise_prod]: organisms, inventor, lab, physiology, bacteria, induction, organism, invention, mit, laboratory
-- 758 {26.12} [elem_wise_prod]: cyclone, katrina, hurricane, disaster, ike, flooded, shear, dolly, marshes, storms
-- 853 {24.88} [elem_wise_prod]: gathers, facility, inhabit, entity, que, center, resides, reside, greenwood, generating
-- 366 {24.84} [elem_wise_prod]: enzyme, regulating, proteins, regulate, emissions, logging, fisheries, industry, regulates, enzymes
-- 2 {24.25} [elem_wise_prod]: x-ray, discrimination, electromagnetic, thermal, frequency, suppression, angular, telescope, electron, space
-- 224 {23.23} [elem_wise_prod]: vector, plastics, unconventional, conventional, computational, dynamics, safer, variable, deluxe, layout
-- 963 {21.43} [second_vec : punchline]: pipe, systemic, coma, composite, heating, sustainability, vapor, modeling, gorge, optical
-- 696 {21.05} [elem_wise_prod]: tasks, policing, fk, logistical, reconstruction, overseeing, systems, ensuring, involve, shield
  -- negative predictors --
-- 367 {-16.26} [elem_wise_prod]: tables, wed, machine, 10:00, cocktail, palms, meadow, meadows, rat, bonnie
-- 811 {-16.45} [second_vec : punchline]: suppression, madras, accession, imprint, cory, sgt., arroyo, amber, offences, rising
-- 900 {-16.66} [elem_wise_prod]: collar, catalonia, earns, borrow, mt., attracts, bicycle, thieves, spain, hayward
-- 647 {-16.73} [elem_wise_prod]: magnetic, junction, fitted, lamps, cyclone, cyclists, bathing, avenue, baths, interchange
-- 564 {-17.02} [second_vec : punchline]: nielsen, dawson, snails, browning, harris, wb, presidential, buster, sylvester, browne
-- 221 {-20.08} [second_vec : punchline]: jihad, abu, guantanamo, beheaded, executions, collaborator, interred, death, custody, dies
-- 564 {-20.30} [elem_wise_prod]: nielsen, dawson, snails, browning, harris, wb, presidential, buster, sylvester, browne
-- 367 {-20.42} [second_vec : punchline]: tables, wed, machine, 10:00, cocktail, palms, meadow, meadows, rat, bonnie
-- 661 {-20.57} [second_vec : punchline]: redesignated, karate, garlic, salad, olive, rahul, snail, onions, 100th, appliance
-- 215 {-23.40} [second_vec : punchline]: sant, da, dino, butterfly, herzog, giovanni, cisco, werner, bee, tom
